FinaNet/app/build/intermediates/manifest_merge_blame_file/debug/manifest-merger-blame-debug-report.txt
1<?xml version="1.0" encoding="utf-8"?>
2<manifest xmlns:android="http://schemas.android.com/apk/res/android"
3    package="com.android.FinaNet"
4    android:versionCode="1"
5    android:versionName="1.0" >
6
7    <uses-sdk
8        android:minSdkVersion="24"
8-->src\main\AndroidManifest.xml
9        android:targetSdkVersion="32" />
9-->src\main\AndroidManifest.xml
10
11    <uses-permission android:name="android.permission.READ_EXTERNAL_STORAGE" />
11-->src\main\AndroidManifest.xml:5:5-80
11-->src\main\AndroidManifest.xml:5:22-77
12    <uses-permission android:name="android.permission.INTERNET" />
12-->src\main\AndroidManifest.xml:6:5-67
12-->src\main\AndroidManifest.xml:6:22-64
13    <!--
14    Package visibility filtering on Android 30+
15    @link https://g.co/dev/packagevisibility
16    @link https://developer.android.com/training/package-visibility/declaring#communicate-host-app
17    -->
18    <queries>
18-->[com.github.jrvansuita:MaterialAbout:0.3.0] AndroidManifest.xml:14:5-34:15
19        <intent>
19-->[com.github.jrvansuita:MaterialAbout:0.3.0] AndroidManifest.xml:15:9-17:18
20            <action android:name="android.intent.action.VIEW" />
20-->[com.github.jrvansuita:MaterialAbout:0.3.0] AndroidManifest.xml:16:13-65
20-->[com.github.jrvansuita:MaterialAbout:0.3.0] AndroidManifest.xml:16:21-62
21        </intent>
22        <intent>
22-->[com.github.jrvansuita:MaterialAbout:0.3.0] AndroidManifest.xml:18:9-20:18
23            <action android:name="android.intent.action.INSERT" />
23-->[com.github.jrvansuita:MaterialAbout:0.3.0] AndroidManifest.xml:19:13-67
23-->[com.github.jrvansuita:MaterialAbout:0.3.0] AndroidManifest.xml:19:21-64
24        </intent>
25        <intent>
25-->[com.github.jrvansuita:MaterialAbout:0.3.0] AndroidManifest.xml:21:9-23:18
26            <action android:name="android.intent.action.SENDTO" />
26-->[com.github.jrvansuita:MaterialAbout:0.3.0] AndroidManifest.xml:22:13-67
26-->[com.github.jrvansuita:MaterialAbout:0.3.0] AndroidManifest.xml:22:21-64
27        </intent>
28        <intent>
28-->[com.github.jrvansuita:MaterialAbout:0.3.0] AndroidManifest.xml:24:9-26:18
29            <action android:name="android.intent.action.SEND" />
29-->[com.github.jrvansuita:MaterialAbout:0.3.0] AndroidManifest.xml:25:13-65
29-->[com.github.jrvansuita:MaterialAbout:0.3.0] AndroidManifest.xml:25:21-62
30        </intent>
31
32        <package android:name="com.facebook.katana" />
32-->[com.github.jrvansuita:MaterialAbout:0.3.0] AndroidManifest.xml:28:9-55
32-->[com.github.jrvansuita:MaterialAbout:0.3.0] AndroidManifest.xml:28:18-52
33        <package android:name="com.instagram.android" />
33-->[com.github.jrvansuita:MaterialAbout:0.3.0] AndroidManifest.xml:29:9-57
33-->[com.github.jrvansuita:MaterialAbout:0.3.0] AndroidManifest.xml:29:18-54
34        <package android:name="com.twitter.android" />
34-->[com.github.jrvansuita:MaterialAbout:0.3.0] AndroidManifest.xml:30:9-55
34-->[com.github.jrvansuita:MaterialAbout:0.3.0] AndroidManifest.xml:30:18-52
35        <package android:name="com.google.android.apps.plus" />
35-->[com.github.jrvansuita:MaterialAbout:0.3.0] AndroidManifest.xml:31:9-64
35-->[com.github.jrvansuita:MaterialAbout:0.3.0] AndroidManifest.xml:31:18-61
36        <package android:name="com.linkedin.android" />
36-->[com.github.jrvansuita:MaterialAbout:0.3.0] AndroidManifest.xml:32:9-56
36-->[com.github.jrvansuita:MaterialAbout:0.3.0] AndroidManifest.xml:32:18-53
37        <package android:name="com.skype.raider" />
37-->[com.github.jrvansuita:MaterialAbout:0.3.0] AndroidManifest.xml:33:9-52
37-->[com.github.jrvansuita:MaterialAbout:0.3.0] AndroidManifest.xml:33:18-49
38    </queries> <!-- Although the *SdkVersion is captured in gradle build files, this is required for non gradle builds -->
39    <!-- <uses-sdk android:minSdkVersion="14" /> -->
40    <uses-permission android:name="android.permission.ACCESS_NETWORK_STATE" />
40-->[com.google.firebase:firebase-firestore:24.0.0] AndroidManifest.xml:13:5-79
40-->[com.google.firebase:firebase-firestore:24.0.0] AndroidManifest.xml:13:22-76
41    <uses-permission android:name="android.permission.WAKE_LOCK" />
41-->[com.google.android.gms:play-services-measurement-api:20.0.1] AndroidManifest.xml:24:5-68
41-->[com.google.android.gms:play-services-measurement-api:20.0.1] AndroidManifest.xml:24:22-65
42    <uses-permission android:name="com.google.android.finsky.permission.BIND_GET_INSTALL_REFERRER_SERVICE" /> <!-- Include required permissions for Advertising Id -->
42-->[com.google.android.gms:play-services-measurement:20.0.1] AndroidManifest.xml:26:5-110
42-->[com.google.android.gms:play-services-measurement:20.0.1] AndroidManifest.xml:26:22-107
43    <uses-permission android:name="com.google.android.gms.permission.AD_ID" />
43-->[com.google.android.gms:play-services-ads-identifier:18.0.0] AndroidManifest.xml:23:5-79
43-->[com.google.android.gms:play-services-ads-identifier:18.0.0] AndroidManifest.xml:23:22-76
44
45    <application
45-->src\main\AndroidManifest.xml:8:5-61:19
46        android:allowBackup="true"
46-->src\main\AndroidManifest.xml:9:9-35
47        android:appComponentFactory="androidx.core.app.CoreComponentFactory"
47-->[androidx.core:core:1.8.0] AndroidManifest.xml:24:18-86
48        android:debuggable="true"
49        android:extractNativeLibs="false"
50        android:icon="@mipmap/ic_launcher"
50-->src\main\AndroidManifest.xml:10:9-43
51        android:label="@string/app_name"
51-->src\main\AndroidManifest.xml:11:9-41
52        android:roundIcon="@mipmap/ic_launcher_round"
52-->src\main\AndroidManifest.xml:12:9-54
53        android:supportsRtl="true"
53-->src\main\AndroidManifest.xml:13:9-35
54        android:theme="@style/Theme.FinaNetApp" >
54-->src\main\AndroidManifest.xml:14:9-48
55        <activity
55-->src\main\AndroidManifest.xml:16:9-25:20
56            android:name="com.android.FinaNet.SplashActivity"
56-->src\main\AndroidManifest.xml:17:13-43
57            android:exported="true" >
57-->src\main\AndroidManifest.xml:18:13-36
58            <intent-filter>
58-->src\main\AndroidManifest.xml:19:13-24:29
59                <action android:name="android.intent.action.MAIN" />
59-->src\main\AndroidManifest.xml:21:17-69
59-->src\main\AndroidManifest.xml:21:25-66
60
61                <category android:name="android.intent.category.LAUNCHER" />
61-->src\main\AndroidManifest.xml:22:17-77
61-->src\main\AndroidManifest.xml:22:27-74
62            </intent-filter>
63        </activity>
64        <activity
64-->src\main\AndroidManifest.xml:28:9-30:59
65            android:name="com.android.FinaNet.NewContactActivity"
65-->src\main\AndroidManifest.xml:29:13-47
66            android:theme="@style/AppTheme.NoActionBar" />
66-->src\main\AndroidManifest.xml:30:13-56
67        <activity
67-->src\main\AndroidManifest.xml:31:9-33:59
68            android:name="com.android.FinaNet.ContactsDetailsActivity"
68-->src\main\AndroidManifest.xml:32:13-52
69            android:theme="@style/AppTheme.NoActionBar" />
69-->src\main\AndroidManifest.xml:33:13-56
70        <activity
70-->src\main\AndroidManifest.xml:34:9-36:56
71            android:name="com.android.FinaNet.McontactActivity"
71-->src\main\AndroidManifest.xml:35:13-45
72            android:theme="@style/Theme.FinaNetApp" />
72-->src\main\AndroidManifest.xml:36:13-52
73        <activity
73-->src\main\AndroidManifest.xml:37:9-40:38
74            android:name="com.android.FinaNet.MaActivity"
74-->src\main\AndroidManifest.xml:38:13-39
75            android:configChanges="orientation|screenSize"
75-->src\main\AndroidManifest.xml:39:13-59
76            android:exported="true" />
76-->src\main\AndroidManifest.xml:40:13-36
77        <activity
77-->src\main\AndroidManifest.xml:41:9-44:56
78            android:name="com.android.FinaNet.EditorActivity"
78-->src\main\AndroidManifest.xml:42:13-43
79            android:label="@string/new_item"
79-->src\main\AndroidManifest.xml:43:13-45
80            android:parentActivityName="com.android.FinaNet.MaActivity" />
80-->src\main\AndroidManifest.xml:44:13-53
81        <activity android:name="com.android.FinaNet.about" />
81-->src\main\AndroidManifest.xml:46:9-43
81-->src\main\AndroidManifest.xml:46:19-40
82        <activity android:name="com.android.FinaNet.RegisterActivity" />
82-->src\main\AndroidManifest.xml:47:9-54
82-->src\main\AndroidManifest.xml:47:19-51
83        <activity android:name="com.android.FinaNet.OrderSucceessActivity" />
83-->src\main\AndroidManifest.xml:48:9-59
83-->src\main\AndroidManifest.xml:48:19-56
84        <activity android:name="com.android.FinaNet.PlaceYourOrderActivity" />
84-->src\main\AndroidManifest.xml:49:9-60
84-->src\main\AndroidManifest.xml:49:19-57
85        <activity android:name="com.android.FinaNet.brandsMenuActivity" />
85-->src\main\AndroidManifest.xml:50:9-56
85-->src\main\AndroidManifest.xml:50:19-53
86        <activity android:name="com.android.FinaNet.LoginActivity" />
86-->src\main\AndroidManifest.xml:51:9-51
86-->src\main\AndroidManifest.xml:51:19-48
87        <activity android:name="com.android.FinaNet.MainActivity" />
87-->src\main\AndroidManifest.xml:52:9-50
87-->src\main\AndroidManifest.xml:52:19-47
88        <activity android:name="com.android.FinaNet.ForgotPasswordActivity" />
88-->src\main\AndroidManifest.xml:53:9-60
88-->src\main\AndroidManifest.xml:53:19-57
89
90        <provider
90-->src\main\AndroidManifest.xml:55:9-58:40
91            android:name="com.android.FinaNet.data.ItemsProvider"
91-->src\main\AndroidManifest.xml:56:13-47
92            android:authorities="com.example.android.inventory"
92-->src\main\AndroidManifest.xml:57:13-64
93            android:exported="false" />
93-->src\main\AndroidManifest.xml:58:13-37
94
95        <service
95-->[com.google.firebase:firebase-firestore:24.0.0] AndroidManifest.xml:17:9-23:19
96            android:name="com.google.firebase.components.ComponentDiscoveryService"
96-->[com.google.firebase:firebase-firestore:24.0.0] AndroidManifest.xml:18:13-84
97            android:directBootAware="true"
97-->[com.google.firebase:firebase-common:20.1.1] AndroidManifest.xml:35:13-43
98            android:exported="false" >
98-->[com.google.firebase:firebase-firestore:24.0.0] AndroidManifest.xml:19:13-37
99            <meta-data
99-->[com.google.firebase:firebase-firestore:24.0.0] AndroidManifest.xml:20:13-22:85
100                android:name="com.google.firebase.components:com.google.firebase.firestore.FirestoreRegistrar"
100-->[com.google.firebase:firebase-firestore:24.0.0] AndroidManifest.xml:21:17-111
101                android:value="com.google.firebase.components.ComponentRegistrar" />
101-->[com.google.firebase:firebase-firestore:24.0.0] AndroidManifest.xml:22:17-82
102            <meta-data
102-->[com.google.firebase:firebase-auth:21.0.7] AndroidManifest.xml:67:13-69:85
103                android:name="com.google.firebase.components:com.google.firebase.auth.FirebaseAuthRegistrar"
103-->[com.google.firebase:firebase-auth:21.0.7] AndroidManifest.xml:68:17-109
104                android:value="com.google.firebase.components.ComponentRegistrar" />
104-->[com.google.firebase:firebase-auth:21.0.7] AndroidManifest.xml:69:17-82
105            <meta-data
105-->[com.google.firebase:firebase-database:20.0.5] AndroidManifest.xml:32:13-34:85
106                android:name="com.google.firebase.components:com.google.firebase.database.DatabaseRegistrar"
106-->[com.google.firebase:firebase-database:20.0.5] AndroidManifest.xml:33:17-109
107                android:value="com.google.firebase.components.ComponentRegistrar" />
107-->[com.google.firebase:firebase-database:20.0.5] AndroidManifest.xml:34:17-82
108            <meta-data
108-->[com.google.android.gms:play-services-measurement-api:20.0.1] AndroidManifest.xml:30:13-32:85
109                android:name="com.google.firebase.components:com.google.firebase.analytics.connector.internal.AnalyticsConnectorRegistrar"
109-->[com.google.android.gms:play-services-measurement-api:20.0.1] AndroidManifest.xml:31:17-139
110                android:value="com.google.firebase.components.ComponentRegistrar" />
110-->[com.google.android.gms:play-services-measurement-api:20.0.1] AndroidManifest.xml:32:17-82
111            <meta-data
111-->[com.google.firebase:firebase-installations:17.0.0] AndroidManifest.xml:18:13-20:85
112                android:name="com.google.firebase.components:com.google.firebase.installations.FirebaseInstallationsRegistrar"
112-->[com.google.firebase:firebase-installations:17.0.0] AndroidManifest.xml:19:17-127
113                android:value="com.google.firebase.components.ComponentRegistrar" />
113-->[com.google.firebase:firebase-installations:17.0.0] AndroidManifest.xml:20:17-82
114        </service>
115
116        <activity
116-->[com.google.firebase:firebase-auth:21.0.7] AndroidManifest.xml:27:9-44:20
117            android:name="com.google.firebase.auth.internal.GenericIdpActivity"
117-->[com.google.firebase:firebase-auth:21.0.7] AndroidManifest.xml:28:13-80
118            android:excludeFromRecents="true"
118-->[com.google.firebase:firebase-auth:21.0.7] AndroidManifest.xml:29:13-46
119            android:exported="true"
119-->[com.google.firebase:firebase-auth:21.0.7] AndroidManifest.xml:30:13-36
120            android:launchMode="singleTask"
120-->[com.google.firebase:firebase-auth:21.0.7] AndroidManifest.xml:31:13-44
121            android:theme="@android:style/Theme.Translucent.NoTitleBar" >
121-->[com.google.firebase:firebase-auth:21.0.7] AndroidManifest.xml:32:13-72
122            <intent-filter>
122-->[com.google.firebase:firebase-auth:21.0.7] AndroidManifest.xml:33:13-43:29
123                <action android:name="android.intent.action.VIEW" />
123-->[com.github.jrvansuita:MaterialAbout:0.3.0] AndroidManifest.xml:16:13-65
123-->[com.github.jrvansuita:MaterialAbout:0.3.0] AndroidManifest.xml:16:21-62
124
125                <category android:name="android.intent.category.DEFAULT" />
125-->[com.google.firebase:firebase-auth:21.0.7] AndroidManifest.xml:36:17-76
125-->[com.google.firebase:firebase-auth:21.0.7] AndroidManifest.xml:36:27-73
126                <category android:name="android.intent.category.BROWSABLE" />
126-->[com.google.firebase:firebase-auth:21.0.7] AndroidManifest.xml:37:17-78
126-->[com.google.firebase:firebase-auth:21.0.7] AndroidManifest.xml:37:27-75
127
128                <data
128-->[com.google.firebase:firebase-auth:21.0.7] AndroidManifest.xml:39:17-42:51
129                    android:host="firebase.auth"
129-->[com.google.firebase:firebase-auth:21.0.7] AndroidManifest.xml:40:21-49
130                    android:path="/"
130-->[com.google.firebase:firebase-auth:21.0.7] AndroidManifest.xml:41:21-37
131                    android:scheme="genericidp" />
131-->[com.google.firebase:firebase-auth:21.0.7] AndroidManifest.xml:42:21-48
132            </intent-filter>
133        </activity>
134        <activity
134-->[com.google.firebase:firebase-auth:21.0.7] AndroidManifest.xml:45:9-62:20
135            android:name="com.google.firebase.auth.internal.RecaptchaActivity"
135-->[com.google.firebase:firebase-auth:21.0.7] AndroidManifest.xml:46:13-79
136            android:excludeFromRecents="true"
136-->[com.google.firebase:firebase-auth:21.0.7] AndroidManifest.xml:47:13-46
137            android:exported="true"
137-->[com.google.firebase:firebase-auth:21.0.7] AndroidManifest.xml:48:13-36
138            android:launchMode="singleTask"
138-->[com.google.firebase:firebase-auth:21.0.7] AndroidManifest.xml:49:13-44
139            android:theme="@android:style/Theme.Translucent.NoTitleBar" >
139-->[com.google.firebase:firebase-auth:21.0.7] AndroidManifest.xml:50:13-72
140            <intent-filter>
140-->[com.google.firebase:firebase-auth:21.0.7] AndroidManifest.xml:51:13-61:29
141                <action android:name="android.intent.action.VIEW" />
141-->[com.github.jrvansuita:MaterialAbout:0.3.0] AndroidManifest.xml:16:13-65
141-->[com.github.jrvansuita:MaterialAbout:0.3.0] AndroidManifest.xml:16:21-62
142
143                <category android:name="android.intent.category.DEFAULT" />
143-->[com.google.firebase:firebase-auth:21.0.7] AndroidManifest.xml:36:17-76
143-->[com.google.firebase:firebase-auth:21.0.7] AndroidManifest.xml:36:27-73
144                <category android:name="android.intent.category.BROWSABLE" />
144-->[com.google.firebase:firebase-auth:21.0.7] AndroidManifest.xml:37:17-78
144-->[com.google.firebase:firebase-auth:21.0.7] AndroidManifest.xml:37:27-75
145
146                <data
146-->[com.google.firebase:firebase-auth:21.0.7] AndroidManifest.xml:39:17-42:51
147                    android:host="firebase.auth"
147-->[com.google.firebase:firebase-auth:21.0.7] AndroidManifest.xml:40:21-49
148                    android:path="/"
148-->[com.google.firebase:firebase-auth:21.0.7] AndroidManifest.xml:41:21-37
149                    android:scheme="recaptcha" />
149-->[com.google.firebase:firebase-auth:21.0.7] AndroidManifest.xml:42:21-48
150            </intent-filter>
151        </activity>
152
153        <provider
153-->[com.google.firebase:firebase-common:20.1.1] AndroidManifest.xml:26:9-31:39
154            android:name="com.google.firebase.provider.FirebaseInitProvider"
154-->[com.google.firebase:firebase-common:20.1.1] AndroidManifest.xml:27:13-77
155            android:authorities="com.android.FinaNet.firebaseinitprovider"
155-->[com.google.firebase:firebase-common:20.1.1] AndroidManifest.xml:28:13-72
156            android:directBootAware="true"
156-->[com.google.firebase:firebase-common:20.1.1] AndroidManifest.xml:29:13-43
157            android:exported="false"
157-->[com.google.firebase:firebase-common:20.1.1] AndroidManifest.xml:30:13-37
158            android:initOrder="100" />
158-->[com.google.firebase:firebase-common:20.1.1] AndroidManifest.xml:31:13-36
159
160        <activity
160-->[com.google.android.gms:play-services-base:18.0.1] AndroidManifest.xml:20:9-22:45
161            android:name="com.google.android.gms.common.api.GoogleApiActivity"
161-->[com.google.android.gms:play-services-base:18.0.1] AndroidManifest.xml:20:19-85
162            android:exported="false"
162-->[com.google.android.gms:play-services-base:18.0.1] AndroidManifest.xml:22:19-43
163            android:theme="@android:style/Theme.Translucent.NoTitleBar" />
163-->[com.google.android.gms:play-services-base:18.0.1] AndroidManifest.xml:21:19-78
164
165        <receiver
165-->[com.google.android.gms:play-services-measurement:20.0.1] AndroidManifest.xml:29:9-33:20
166            android:name="com.google.android.gms.measurement.AppMeasurementReceiver"
166-->[com.google.android.gms:play-services-measurement:20.0.1] AndroidManifest.xml:30:13-85
167            android:enabled="true"
167-->[com.google.android.gms:play-services-measurement:20.0.1] AndroidManifest.xml:31:13-35
168            android:exported="false" >
168-->[com.google.android.gms:play-services-measurement:20.0.1] AndroidManifest.xml:32:13-37
169        </receiver>
170
171        <service
171-->[com.google.android.gms:play-services-measurement:20.0.1] AndroidManifest.xml:35:9-38:40
172            android:name="com.google.android.gms.measurement.AppMeasurementService"
172-->[com.google.android.gms:play-services-measurement:20.0.1] AndroidManifest.xml:36:13-84
173            android:enabled="true"
173-->[com.google.android.gms:play-services-measurement:20.0.1] AndroidManifest.xml:37:13-35
174            android:exported="false" />
174-->[com.google.android.gms:play-services-measurement:20.0.1] AndroidManifest.xml:38:13-37
175        <service
175-->[com.google.android.gms:play-services-measurement:20.0.1] AndroidManifest.xml:39:9-43:72
176            android:name="com.google.android.gms.measurement.AppMeasurementJobService"
176-->[com.google.android.gms:play-services-measurement:20.0.1] AndroidManifest.xml:40:13-87
177            android:enabled="true"
177-->[com.google.android.gms:play-services-measurement:20.0.1] AndroidManifest.xml:41:13-35
178            android:exported="false"
178-->[com.google.android.gms:play-services-measurement:20.0.1] AndroidManifest.xml:42:13-37
179            android:permission="android.permission.BIND_JOB_SERVICE" />
179-->[com.google.android.gms:play-services-measurement:20.0.1] AndroidManifest.xml:43:13-69
180
181        <meta-data
181-->[com.google.android.gms:play-services-basement:18.0.0] AndroidManifest.xml:21:9-23:69
182            android:name="com.google.android.gms.version"
182-->[com.google.android.gms:play-services-basement:18.0.0] AndroidManifest.xml:22:13-58
183            android:value="@integer/google_play_services_version" />
183-->[com.google.android.gms:play-services-basement:18.0.0] AndroidManifest.xml:23:13-66
184
185        <provider
185-->[androidx.emoji2:emoji2:1.2.0] AndroidManifest.xml:24:9-32:20
186            android:name="androidx.startup.InitializationProvider"
186-->[androidx.emoji2:emoji2:1.2.0] AndroidManifest.xml:25:13-67
187            android:authorities="com.android.FinaNet.androidx-startup"
187-->[androidx.emoji2:emoji2:1.2.0] AndroidManifest.xml:26:13-68
188            android:exported="false" >
188-->[androidx.emoji2:emoji2:1.2.0] AndroidManifest.xml:27:13-37
189            <meta-data
189-->[androidx.emoji2:emoji2:1.2.0] AndroidManifest.xml:29:13-31:52
190                android:name="androidx.emoji2.text.EmojiCompatInitializer"
190-->[androidx.emoji2:emoji2:1.2.0] AndroidManifest.xml:30:17-75
191                android:value="androidx.startup" />
191-->[androidx.emoji2:emoji2:1.2.0] AndroidManifest.xml:31:17-49
192            <meta-data
192-->[androidx.lifecycle:lifecycle-process:2.4.1] AndroidManifest.xml:31:13-33:52
193                android:name="androidx.lifecycle.ProcessLifecycleInitializer"
193-->[androidx.lifecycle:lifecycle-process:2.4.1] AndroidManifest.xml:32:17-78
194                android:value="androidx.startup" />
194-->[androidx.lifecycle:lifecycle-process:2.4.1] AndroidManifest.xml:33:17-49
195        </provider>
196    </application>
197
198</manifest>